waiting for network connection ...
not reachable
not reachable
not reachable
not reachable
not reachable
not reachable
not reachable
not reachable
not reachable
not reachable
not reachable
not reachable
not reachable
not reachable
not reachable
not reachable
not reachable
not reachable
not reachable
not reachable
not reachable
not reachable
not reachable
not reachable
not reachable
not reachable
not reachable
not reachable
not reachable
not reachable
not reachable
not reachable
not reachable
not reachable
not reachable
not reachable
not reachable
not reachable
not reachable
not reachable
not reachable
not reachable
not reachable
not reachable
not reachable
not reachable
not reachable
not reachable
not reachable
Connecting...
So far Read: 2896 bytes
So far Read: 4344 bytes
So far Read: 5792 bytes
So far Read: 7240 bytes
So far Read: 8688 bytes
So far Read: 10136 bytes
So far Read: 11584 bytes
So far Read: 13032 bytes
So far Read: 14480 bytes
So far Read: 15928 bytes
So far Read: 17376 bytes
So far Read: 18824 bytes
So far Read: 20272 bytes
So far Read: 21720 bytes
So far Read: 23168 bytes
So far Read: 24616 bytes
So far Read: 26064 bytes
So far Read: 27512 bytes
So far Read: 28960 bytes
So far Read: 30408 bytes
So far Read: 31856 bytes
So far Read: 33304 bytes
So far Read: 34752 bytes
So far Read: 37648 bytes
So far Read: 39096 bytes
So far Read: 40544 bytes
So far Read: 41992 bytes
So far Read: 43440 bytes
So far Read: 44888 bytes
So far Read: 46336 bytes
So far Read: 47784 bytes
So far Read: 49232 bytes
So far Read: 50680 bytes
So far Read: 52128 bytes
So far Read: 53576 bytes
So far Read: 55024 bytes
So far Read: 56472 bytes
So far Read: 57920 bytes
So far Read: 60816 bytes
So far Read: 62264 bytes
So far Read: 63712 bytes
So far Read: 65160 bytes
So far Read: 66608 bytes
So far Read: 68056 bytes
So far Read: 70952 bytes
So far Read: 72400 bytes
So far Read: 73848 bytes
So far Read: 75296 bytes
So far Read: 76744 bytes
So far Read: 78192 bytes
So far Read: 81088 bytes
So far Read: 82536 bytes
So far Read: 83984 bytes
So far Read: 85432 bytes
So far Read: 86880 bytes
So far Read: 88328 bytes
So far Read: 89776 bytes
So far Read: 91224 bytes
So far Read: 92672 bytes
So far Read: 94120 bytes
So far Read: 95568 bytes
So far Read: 97016 bytes
So far Read: 98464 bytes
So far Read: 99912 bytes
So far Read: 101360 bytes
So far Read: 102808 bytes
So far Read: 104256 bytes
So far Read: 105704 bytes
So far Read: 107152 bytes
So far Read: 108600 bytes
So far Read: 110048 bytes
So far Read: 111496 bytes
So far Read: 112944 bytes
So far Read: 114392 bytes
So far Read: 115840 bytes
So far Read: 118736 bytes
So far Read: 120184 bytes
So far Read: 121632 bytes
So far Read: 123080 bytes
So far Read: 124528 bytes
So far Read: 125976 bytes
So far Read: 127424 bytes
So far Read: 128872 bytes
So far Read: 130320 bytes
So far Read: 133216 bytes
So far Read: 134664 bytes
So far Read: 136112 bytes
So far Read: 137560 bytes
So far Read: 139008 bytes
So far Read: 140456 bytes
So far Read: 141904 bytes
So far Read: 143352 bytes
So far Read: 144800 bytes
So far Read: 146248 bytes
So far Read: 147696 bytes
So far Read: 149144 bytes
So far Read: 150592 bytes
So far Read: 152040 bytes
So far Read: 153488 bytes
So far Read: 154936 bytes
So far Read: 156384 bytes
So far Read: 157832 bytes
So far Read: 159280 bytes
So far Read: 160728 bytes
So far Read: 162176 bytes
So far Read: 163624 bytes
So far Read: 165072 bytes
So far Read: 166520 bytes
So far Read: 167968 bytes
So far Read: 169416 bytes
So far Read: 170864 bytes
So far Read: 172312 bytes
So far Read: 173760 bytes
So far Read: 175208 bytes
So far Read: 176656 bytes
So far Read: 178104 bytes
So far Read: 179552 bytes
So far Read: 181000 bytes
So far Read: 182448 bytes
So far Read: 183896 bytes
So far Read: 185344 bytes
So far Read: 186792 bytes
So far Read: 188240 bytes
So far Read: 189688 bytes
So far Read: 191136 bytes
So far Read: 192584 bytes
So far Read: 194032 bytes
So far Read: 195480 bytes
So far Read: 196928 bytes
So far Read: 198376 bytes
So far Read: 199824 bytes
So far Read: 201272 bytes
So far Read: 202720 bytes
So far Read: 204168 bytes
So far Read: 205616 bytes
So far Read: 207064 bytes
So far Read: 208512 bytes
So far Read: 209960 bytes
So far Read: 211408 bytes
So far Read: 212856 bytes
So far Read: 214304 bytes
So far Read: 215752 bytes
So far Read: 218648 bytes
So far Read: 220096 bytes
So far Read: 221544 bytes
So far Read: 222992 bytes
So far Read: 224440 bytes
So far Read: 225888 bytes
So far Read: 227336 bytes
So far Read: 228784 bytes
So far Read: 230232 bytes
So far Read: 231680 bytes
So far Read: 233128 bytes
So far Read: 234576 bytes
So far Read: 236024 bytes
So far Read: 237472 bytes
So far Read: 238920 bytes
So far Read: 240368 bytes
So far Read: 241816 bytes
So far Read: 243264 bytes
So far Read: 244712 bytes
So far Read: 246160 bytes
So far Read: 247608 bytes
So far Read: 249056 bytes
So far Read: 250504 bytes
So far Read: 251952 bytes
So far Read: 253400 bytes
So far Read: 254848 bytes
So far Read: 256296 bytes
So far Read: 257744 bytes
So far Read: 259192 bytes
So far Read: 260640 bytes
So far Read: 262088 bytes
So far Read: 263536 bytes
So far Read: 264984 bytes
So far Read: 266432 bytes
So far Read: 267880 bytes
So far Read: 269328 bytes
So far Read: 270776 bytes
So far Read: 272224 bytes
So far Read: 273672 bytes
So far Read: 275120 bytes
So far Read: 276568 bytes
So far Read: 278016 bytes
So far Read: 279464 bytes
So far Read: 280912 bytes
So far Read: 282360 bytes
So far Read: 283808 bytes
So far Read: 285256 bytes
So far Read: 286704 bytes
So far Read: 288152 bytes
So far Read: 289600 bytes
So far Read: 291048 bytes
So far Read: 292496 bytes
So far Read: 293944 bytes
So far Read: 295392 bytes
So far Read: 296840 bytes
So far Read: 298288 bytes
So far Read: 299736 bytes
So far Read: 301184 bytes
So far Read: 302632 bytes
So far Read: 304080 bytes
So far Read: 305528 bytes
So far Read: 306976 bytes
So far Read: 308424 bytes
So far Read: 309872 bytes
So far Read: 311320 bytes
So far Read: 312768 bytes
So far Read: 314216 bytes
So far Read: 315664 bytes
So far Read: 317112 bytes
So far Read: 320008 bytes
So far Read: 321456 bytes
So far Read: 322904 bytes
So far Read: 324352 bytes
So far Read: 325800 bytes
So far Read: 327248 bytes
So far Read: 328696 bytes
So far Read: 330144 bytes
So far Read: 331592 bytes
So far Read: 333040 bytes
So far Read: 334488 bytes
So far Read: 335936 bytes
So far Read: 338832 bytes
So far Read: 340280 bytes
So far Read: 341728 bytes
So far Read: 343176 bytes
So far Read: 344624 bytes
So far Read: 346072 bytes
So far Read: 347520 bytes
So far Read: 348968 bytes
So far Read: 350416 bytes
So far Read: 351864 bytes
So far Read: 353312 bytes
So far Read: 354760 bytes
So far Read: 356208 bytes
So far Read: 357656 bytes
So far Read: 359104 bytes
So far Read: 360552 bytes
So far Read: 362000 bytes
So far Read: 363448 bytes
So far Read: 364896 bytes
So far Read: 366344 bytes
So far Read: 367792 bytes
So far Read: 369240 bytes
So far Read: 370688 bytes
So far Read: 372136 bytes
So far Read: 375032 bytes
So far Read: 376480 bytes
So far Read: 377928 bytes
So far Read: 379376 bytes
So far Read: 380824 bytes
So far Read: 382272 bytes
So far Read: 383720 bytes
So far Read: 385168 bytes
So far Read: 386616 bytes
So far Read: 388064 bytes
So far Read: 389512 bytes
So far Read: 390960 bytes
So far Read: 392408 bytes
So far Read: 393856 bytes
So far Read: 395304 bytes
So far Read: 396752 bytes
So far Read: 398200 bytes
So far Read: 399648 bytes
So far Read: 401096 bytes
So far Read: 402544 bytes
So far Read: 403992 bytes
So far Read: 405440 bytes
So far Read: 406888 bytes
So far Read: 408336 bytes
So far Read: 409784 bytes
So far Read: 411232 bytes
So far Read: 412680 bytes
So far Read: 414128 bytes
So far Read: 417024 bytes
So far Read: 418472 bytes
So far Read: 419920 bytes
So far Read: 421368 bytes
So far Read: 422816 bytes
So far Read: 424264 bytes
So far Read: 425712 bytes
So far Read: 427160 bytes
So far Read: 428608 bytes
So far Read: 430056 bytes
So far Read: 431504 bytes
So far Read: 432952 bytes
So far Read: 437296 bytes
So far Read: 438744 bytes
So far Read: 440192 bytes
So far Read: 441640 bytes
So far Read: 443088 bytes
So far Read: 444536 bytes
So far Read: 445984 bytes
So far Read: 447432 bytes
So far Read: 448880 bytes
So far Read: 450328 bytes
So far Read: 453224 bytes
So far Read: 454672 bytes
So far Read: 456120 bytes
So far Read: 457568 bytes
So far Read: 459016 bytes
So far Read: 460464 bytes
So far Read: 461912 bytes
So far Read: 463360 bytes
So far Read: 464808 bytes
So far Read: 466256 bytes
So far Read: 467704 bytes
So far Read: 469152 bytes
So far Read: 470600 bytes
So far Read: 472048 bytes
So far Read: 473496 bytes
So far Read: 474944 bytes
So far Read: 476392 bytes
So far Read: 477840 bytes
So far Read: 479288 bytes
So far Read: 480736 bytes
So far Read: 483632 bytes
So far Read: 485080 bytes
So far Read: 486528 bytes
So far Read: 487976 bytes
So far Read: 489424 bytes
So far Read: 490872 bytes
So far Read: 492320 bytes
So far Read: 493768 bytes
So far Read: 495216 bytes
So far Read: 496664 bytes
So far Read: 498112 bytes
So far Read: 499560 bytes
So far Read: 503904 bytes
So far Read: 505352 bytes
So far Read: 506800 bytes
So far Read: 508248 bytes
So far Read: 509696 bytes
So far Read: 511144 bytes
So far Read: 512592 bytes
So far Read: 514040 bytes
So far Read: 515488 bytes
So far Read: 518384 bytes
So far Read: 519832 bytes
So far Read: 521280 bytes
So far Read: 522728 bytes
So far Read: 524176 bytes
So far Read: 525624 bytes
So far Read: 527072 bytes
So far Read: 528520 bytes
So far Read: 529968 bytes
So far Read: 531416 bytes
So far Read: 532864 bytes
So far Read: 534312 bytes
So far Read: 535760 bytes
So far Read: 537208 bytes
So far Read: 538656 bytes
So far Read: 540104 bytes
So far Read: 541552 bytes
So far Read: 543000 bytes
So far Read: 544448 bytes
So far Read: 545896 bytes
So far Read: 547344 bytes
So far Read: 548792 bytes
So far Read: 550240 bytes
So far Read: 551688 bytes
So far Read: 553136 bytes
So far Read: 557480 bytes
So far Read: 558928 bytes
So far Read: 560376 bytes
So far Read: 561824 bytes
So far Read: 563272 bytes
So far Read: 564720 bytes
So far Read: 566168 bytes
So far Read: 567616 bytes
So far Read: 569064 bytes
So far Read: 570512 bytes
So far Read: 571960 bytes
So far Read: 573408 bytes
So far Read: 574856 bytes
So far Read: 576304 bytes
So far Read: 577752 bytes
So far Read: 579200 bytes
So far Read: 580648 bytes
So far Read: 582096 bytes
So far Read: 583544 bytes
So far Read: 584992 bytes
So far Read: 586440 bytes
So far Read: 587888 bytes
So far Read: 589336 bytes
So far Read: 590784 bytes
So far Read: 592232 bytes
So far Read: 593680 bytes
So far Read: 595128 bytes
So far Read: 596576 bytes
So far Read: 598024 bytes
So far Read: 599472 bytes
So far Read: 600920 bytes
So far Read: 602368 bytes
So far Read: 603816 bytes
So far Read: 605264 bytes
So far Read: 606712 bytes
So far Read: 608160 bytes
So far Read: 609608 bytes
So far Read: 611056 bytes
So far Read: 612504 bytes
So far Read: 613952 bytes
So far Read: 615400 bytes
So far Read: 616848 bytes
So far Read: 618296 bytes
So far Read: 619744 bytes
So far Read: 621192 bytes
So far Read: 622640 bytes
So far Read: 624088 bytes
So far Read: 625536 bytes
So far Read: 628432 bytes
So far Read: 629880 bytes
So far Read: 631328 bytes
So far Read: 632776 bytes
So far Read: 634224 bytes
So far Read: 635672 bytes
So far Read: 637120 bytes
So far Read: 638568 bytes
So far Read: 640016 bytes
So far Read: 641464 bytes
So far Read: 642912 bytes
So far Read: 644360 bytes
So far Read: 645808 bytes
So far Read: 647256 bytes
So far Read: 648704 bytes
So far Read: 650152 bytes
So far Read: 651600 bytes
So far Read: 653048 bytes
So far Read: 654496 bytes
So far Read: 655944 bytes
So far Read: 657392 bytes
So far Read: 658840 bytes
So far Read: 660288 bytes
So far Read: 661736 bytes
So far Read: 663184 bytes
So far Read: 664632 bytes
So far Read: 666080 bytes
So far Read: 667528 bytes
So far Read: 668976 bytes
So far Read: 670424 bytes
So far Read: 671872 bytes
So far Read: 673320 bytes
So far Read: 674768 bytes
So far Read: 676216 bytes
So far Read: 677664 bytes
So far Read: 679112 bytes
So far Read: 680560 bytes
So far Read: 682008 bytes
So far Read: 683456 bytes
So far Read: 684904 bytes
So far Read: 686352 bytes
So far Read: 687800 bytes
So far Read: 689248 bytes
So far Read: 690696 bytes
So far Read: 692144 bytes
So far Read: 693592 bytes
So far Read: 695040 bytes
So far Read: 696488 bytes
So far Read: 697936 bytes
So far Read: 699384 bytes
So far Read: 700832 bytes
So far Read: 702280 bytes
So far Read: 703728 bytes
So far Read: 705176 bytes
So far Read: 706624 bytes
So far Read: 708072 bytes
So far Read: 709520 bytes
So far Read: 710968 bytes
So far Read: 712416 bytes
So far Read: 713864 bytes
So far Read: 715312 bytes
So far Read: 716760 bytes
So far Read: 718208 bytes
So far Read: 719656 bytes
So far Read: 721104 bytes
So far Read: 722552 bytes
So far Read: 724000 bytes
So far Read: 725448 bytes
So far Read: 726896 bytes
So far Read: 728344 bytes
So far Read: 729792 bytes
So far Read: 731240 bytes
So far Read: 732688 bytes
So far Read: 734136 bytes
So far Read: 735584 bytes
So far Read: 737032 bytes
So far Read: 738480 bytes
So far Read: 739928 bytes
So far Read: 741376 bytes
So far Read: 742824 bytes
So far Read: 744272 bytes
So far Read: 745720 bytes
So far Read: 747168 bytes
So far Read: 748616 bytes
So far Read: 750064 bytes
So far Read: 751512 bytes
So far Read: 752960 bytes
So far Read: 754408 bytes
So far Read: 755856 bytes
So far Read: 757304 bytes
So far Read: 758752 bytes
So far Read: 760200 bytes
So far Read: 761648 bytes
So far Read: 763096 bytes
So far Read: 764544 bytes
So far Read: 765992 bytes
So far Read: 767440 bytes
So far Read: 768888 bytes
So far Read: 770336 bytes
So far Read: 771784 bytes
So far Read: 773232 bytes
So far Read: 774680 bytes
So far Read: 776128 bytes
So far Read: 777576 bytes
So far Read: 779024 bytes
So far Read: 780472 bytes
So far Read: 781920 bytes
So far Read: 783368 bytes
So far Read: 784816 bytes
So far Read: 786264 bytes
So far Read: 787712 bytes
So far Read: 789160 bytes
So far Read: 790608 bytes
So far Read: 792056 bytes
So far Read: 793504 bytes
So far Read: 794952 bytes
So far Read: 796400 bytes
So far Read: 797848 bytes
So far Read: 799296 bytes
So far Read: 800744 bytes
So far Read: 802192 bytes
So far Read: 803640 bytes
So far Read: 805088 bytes
So far Read: 806536 bytes
So far Read: 807984 bytes
So far Read: 809432 bytes
So far Read: 810880 bytes
So far Read: 812328 bytes
So far Read: 813776 bytes
So far Read: 815224 bytes
So far Read: 816672 bytes
So far Read: 818120 bytes
So far Read: 819568 bytes
So far Read: 821016 bytes
So far Read: 822464 bytes
So far Read: 823912 bytes
So far Read: 825360 bytes
So far Read: 826808 bytes
So far Read: 828256 bytes
So far Read: 829704 bytes
So far Read: 831152 bytes
So far Read: 832600 bytes
So far Read: 834048 bytes
So far Read: 835496 bytes
So far Read: 836944 bytes
So far Read: 838392 bytes
So far Read: 839840 bytes
So far Read: 841288 bytes
So far Read: 842736 bytes
So far Read: 844184 bytes
So far Read: 845632 bytes
So far Read: 847080 bytes
So far Read: 848528 bytes
So far Read: 849976 bytes
So far Read: 851424 bytes
So far Read: 852872 bytes
So far Read: 854320 bytes
So far Read: 855768 bytes
So far Read: 857216 bytes
So far Read: 858664 bytes
So far Read: 861560 bytes
So far Read: 863008 bytes
So far Read: 864456 bytes
So far Read: 865904 bytes
So far Read: 867352 bytes
So far Read: 868800 bytes
So far Read: 870248 bytes
So far Read: 871696 bytes
So far Read: 873144 bytes
So far Read: 874592 bytes
So far Read: 876040 bytes
So far Read: 877488 bytes
So far Read: 878936 bytes
So far Read: 880384 bytes
So far Read: 881832 bytes
So far Read: 883280 bytes
So far Read: 884728 bytes
So far Read: 886176 bytes
So far Read: 887624 bytes
So far Read: 889072 bytes
So far Read: 890520 bytes
So far Read: 891968 bytes
So far Read: 893416 bytes
So far Read: 894864 bytes
So far Read: 896312 bytes
So far Read: 897760 bytes
So far Read: 899208 bytes
So far Read: 900656 bytes
So far Read: 902104 bytes
So far Read: 903552 bytes
So far Read: 905000 bytes
So far Read: 906448 bytes
So far Read: 907896 bytes
So far Read: 909344 bytes
So far Read: 910792 bytes
So far Read: 912240 bytes
So far Read: 913688 bytes
So far Read: 915136 bytes
So far Read: 916584 bytes
So far Read: 918032 bytes
So far Read: 919480 bytes
So far Read: 920928 bytes
So far Read: 922376 bytes
So far Read: 923824 bytes
So far Read: 925272 bytes
So far Read: 926720 bytes
So far Read: 928168 bytes
So far Read: 929616 bytes
So far Read: 931064 bytes
So far Read: 932512 bytes
So far Read: 933960 bytes
So far Read: 935408 bytes
So far Read: 936856 bytes
So far Read: 938304 bytes
So far Read: 939752 bytes
So far Read: 941200 bytes
So far Read: 942648 bytes
So far Read: 944096 bytes
So far Read: 945544 bytes
So far Read: 946992 bytes
So far Read: 948440 bytes
So far Read: 949888 bytes
So far Read: 951336 bytes
So far Read: 952784 bytes
So far Read: 954232 bytes
So far Read: 955680 bytes
So far Read: 957128 bytes
So far Read: 958576 bytes
So far Read: 960024 bytes
So far Read: 961472 bytes
So far Read: 962920 bytes
So far Read: 964368 bytes
So far Read: 965816 bytes
So far Read: 967264 bytes
So far Read: 968712 bytes
So far Read: 970160 bytes
So far Read: 971608 bytes
So far Read: 973056 bytes
So far Read: 974504 bytes
So far Read: 975952 bytes
So far Read: 977400 bytes
So far Read: 978848 bytes
So far Read: 980296 bytes
So far Read: 981744 bytes
So far Read: 983192 bytes
So far Read: 984640 bytes
So far Read: 986088 bytes
So far Read: 987536 bytes
So far Read: 988984 bytes
So far Read: 990432 bytes
So far Read: 991880 bytes
So far Read: 993328 bytes
So far Read: 994776 bytes
So far Read: 996224 bytes
So far Read: 997672 bytes
So far Read: 999120 bytes
So far Read: 1000568 bytes
So far Read: 1002016 bytes
So far Read: 1003464 bytes
So far Read: 1004912 bytes
So far Read: 1006360 bytes
So far Read: 1007808 bytes
So far Read: 1009256 bytes
So far Read: 1010704 bytes
So far Read: 1012152 bytes
So far Read: 1013600 bytes
So far Read: 1015048 bytes
So far Read: 1016496 bytes
So far Read: 1017944 bytes
So far Read: 1019392 bytes
So far Read: 1020840 bytes
So far Read: 1022288 bytes
So far Read: 1025184 bytes
So far Read: 1026632 bytes
So far Read: 1028080 bytes
So far Read: 1029528 bytes
So far Read: 1030976 bytes
So far Read: 1032424 bytes
So far Read: 1035320 bytes
So far Read: 1036768 bytes
So far Read: 1038216 bytes
So far Read: 1039664 bytes
So far Read: 1041112 bytes
So far Read: 1042560 bytes
So far Read: 1044008 bytes
So far Read: 1045456 bytes
So far Read: 1046904 bytes
So far Read: 1048352 bytes
So far Read: 1049800 bytes
So far Read: 1051248 bytes
So far Read: 1052696 bytes
So far Read: 1054144 bytes
So far Read: 1055592 bytes
So far Read: 1057040 bytes
So far Read: 1058488 bytes
So far Read: 1059936 bytes
So far Read: 1061384 bytes
So far Read: 1062832 bytes
So far Read: 1064280 bytes
So far Read: 1065728 bytes
So far Read: 1067176 bytes
So far Read: 1068624 bytes
So far Read: 1070072 bytes
So far Read: 1071520 bytes
So far Read: 1072968 bytes
So far Read: 1074416 bytes
So far Read: 1075864 bytes
So far Read: 1077312 bytes
So far Read: 1078760 bytes
So far Read: 1080208 bytes
So far Read: 1081656 bytes
So far Read: 1083104 bytes
So far Read: 1084552 bytes
So far Read: 1086000 bytes
So far Read: 1087448 bytes
So far Read: 1088896 bytes
So far Read: 1090344 bytes
So far Read: 1091792 bytes
So far Read: 1093240 bytes
So far Read: 1094688 bytes
So far Read: 1096136 bytes
So far Read: 1097584 bytes
So far Read: 1099032 bytes
So far Read: 1100480 bytes
So far Read: 1101928 bytes
So far Read: 1103376 bytes
So far Read: 1104824 bytes
So far Read: 1106272 bytes
So far Read: 1107720 bytes
So far Read: 1109168 bytes
So far Read: 1110616 bytes
So far Read: 1112064 bytes
So far Read: 1113512 bytes
So far Read: 1114960 bytes
So far Read: 1116408 bytes
So far Read: 1117856 bytes
So far Read: 1119304 bytes
So far Read: 1120752 bytes
So far Read: 1122200 bytes
So far Read: 1123648 bytes
So far Read: 1125096 bytes
So far Read: 1126544 bytes
So far Read: 1127992 bytes
So far Read: 1129440 bytes
So far Read: 1130888 bytes
So far Read: 1132336 bytes
So far Read: 1133784 bytes
So far Read: 1135232 bytes
So far Read: 1136680 bytes
So far Read: 1138128 bytes
So far Read: 1139576 bytes
So far Read: 1141024 bytes
So far Read: 1142472 bytes
So far Read: 1143920 bytes
So far Read: 1145368 bytes
So far Read: 1146816 bytes
So far Read: 1148264 bytes
So far Read: 1149712 bytes
So far Read: 1151160 bytes
So far Read: 1152608 bytes
So far Read: 1154056 bytes
So far Read: 1156952 bytes
So far Read: 1158400 bytes
So far Read: 1159848 bytes
So far Read: 1161296 bytes
So far Read: 1162744 bytes
So far Read: 1164192 bytes
So far Read: 1165640 bytes
So far Read: 1167088 bytes
So far Read: 1168536 bytes
So far Read: 1169984 bytes
So far Read: 1171432 bytes
So far Read: 1172880 bytes
So far Read: 1174328 bytes
So far Read: 1177224 bytes
So far Read: 1178672 bytes
So far Read: 1180120 bytes
So far Read: 1181568 bytes
So far Read: 1183016 bytes
So far Read: 1184464 bytes
So far Read: 1185912 bytes
So far Read: 1187360 bytes
So far Read: 1188808 bytes
So far Read: 1190256 bytes
So far Read: 1193152 bytes
So far Read: 1194600 bytes
So far Read: 1196048 bytes
So far Read: 1197496 bytes
So far Read: 1198944 bytes
So far Read: 1200392 bytes
So far Read: 1201840 bytes
So far Read: 1203288 bytes
So far Read: 1204736 bytes
So far Read: 1206184 bytes
So far Read: 1207632 bytes
So far Read: 1209080 bytes
So far Read: 1210528 bytes
So far Read: 1211976 bytes
So far Read: 1213424 bytes
So far Read: 1214872 bytes
So far Read: 1216320 bytes
So far Read: 1217768 bytes
So far Read: 1219216 bytes
So far Read: 1220664 bytes
So far Read: 1222112 bytes
So far Read: 1223560 bytes
So far Read: 1225008 bytes
So far Read: 1226456 bytes
So far Read: 1227904 bytes
So far Read: 1229352 bytes
So far Read: 1230800 bytes
So far Read: 1232248 bytes
So far Read: 1233696 bytes
So far Read: 1235144 bytes
So far Read: 1236592 bytes
So far Read: 1238040 bytes
So far Read: 1239488 bytes
So far Read: 1240936 bytes
So far Read: 1243832 bytes
So far Read: 1245280 bytes
So far Read: 1246728 bytes
So far Read: 1248176 bytes
So far Read: 1249624 bytes
So far Read: 1251072 bytes
So far Read: 1252520 bytes
So far Read: 1253968 bytes
So far Read: 1255416 bytes
So far Read: 1256864 bytes
So far Read: 1258312 bytes
So far Read: 1259760 bytes
So far Read: 1261208 bytes
So far Read: 1262656 bytes
So far Read: 1264104 bytes
So far Read: 1265552 bytes
So far Read: 1267000 bytes
So far Read: 1268448 bytes
So far Read: 1269896 bytes
So far Read: 1271344 bytes
So far Read: 1272792 bytes
So far Read: 1274240 bytes
So far Read: 1275688 bytes
So far Read: 1277136 bytes
So far Read: 1278584 bytes
So far Read: 1280032 bytes
So far Read: 1281480 bytes
So far Read: 1282928 bytes
So far Read: 1284376 bytes
So far Read: 1285824 bytes
So far Read: 1287272 bytes
So far Read: 1288720 bytes
So far Read: 1290168 bytes
So far Read: 1291616 bytes
So far Read: 1293064 bytes
So far Read: 1294512 bytes
So far Read: 1295960 bytes
So far Read: 1297408 bytes
So far Read: 1298856 bytes
So far Read: 1300304 bytes
So far Read: 1301752 bytes
So far Read: 1303200 bytes
So far Read: 1304648 bytes
So far Read: 1306096 bytes
So far Read: 1307544 bytes
So far Read: 1308992 bytes
So far Read: 1310440 bytes
So far Read: 1311888 bytes
So far Read: 1313336 bytes
So far Read: 1314784 bytes
So far Read: 1316232 bytes
So far Read: 1317680 bytes
So far Read: 1319128 bytes
So far Read: 1320576 bytes
So far Read: 1322024 bytes
So far Read: 1323472 bytes
So far Read: 1324920 bytes
So far Read: 1326368 bytes
So far Read: 1327816 bytes
So far Read: 1329264 bytes
So far Read: 1330712 bytes
So far Read: 1332160 bytes
So far Read: 1333608 bytes
So far Read: 1335056 bytes
So far Read: 1336504 bytes
So far Read: 1337952 bytes
So far Read: 1339400 bytes
So far Read: 1340848 bytes
So far Read: 1342296 bytes
So far Read: 1343744 bytes
So far Read: 1345192 bytes
So far Read: 1346640 bytes
So far Read: 1348088 bytes
So far Read: 1349536 bytes
So far Read: 1350984 bytes
So far Read: 1352432 bytes
So far Read: 1353880 bytes
So far Read: 1355328 bytes
So far Read: 1356776 bytes
So far Read: 1358224 bytes
So far Read: 1359672 bytes
So far Read: 1361120 bytes
So far Read: 1362568 bytes
So far Read: 1364016 bytes
So far Read: 1365464 bytes
So far Read: 1366912 bytes
So far Read: 1368360 bytes
So far Read: 1369808 bytes
So far Read: 1371256 bytes
So far Read: 1372704 bytes
So far Read: 1374152 bytes
So far Read: 1375600 bytes
So far Read: 1377048 bytes
So far Read: 1378496 bytes
So far Read: 1379944 bytes
So far Read: 1381392 bytes
So far Read: 1382840 bytes
So far Read: 1384288 bytes
So far Read: 1385736 bytes
So far Read: 1387184 bytes
So far Read: 1388632 bytes
So far Read: 1390080 bytes
So far Read: 1391528 bytes
So far Read: 1392976 bytes
So far Read: 1394424 bytes
So far Read: 1395872 bytes
So far Read: 1397320 bytes
So far Read: 1398768 bytes
So far Read: 1400216 bytes
So far Read: 1401664 bytes
So far Read: 1403112 bytes
So far Read: 1404560 bytes
So far Read: 1406008 bytes
So far Read: 1407456 bytes
So far Read: 1408904 bytes
So far Read: 1410352 bytes
So far Read: 1411800 bytes
So far Read: 1413248 bytes
So far Read: 1414696 bytes
So far Read: 1416144 bytes
So far Read: 1417592 bytes
So far Read: 1419040 bytes
So far Read: 1420488 bytes
So far Read: 1423384 bytes
So far Read: 1424832 bytes
So far Read: 1426280 bytes
So far Read: 1427728 bytes
So far Read: 1429176 bytes
So far Read: 1430624 bytes
So far Read: 1432072 bytes
So far Read: 1433520 bytes
So far Read: 1434968 bytes
So far Read: 1436416 bytes
So far Read: 1437864 bytes
So far Read: 1439312 bytes
So far Read: 1440760 bytes
So far Read: 1442208 bytes
So far Read: 1443656 bytes
So far Read: 1445104 bytes
So far Read: 1446552 bytes
So far Read: 1448000 bytes
So far Read: 1449448 bytes
So far Read: 1450896 bytes
So far Read: 1452344 bytes
So far Read: 1453792 bytes
So far Read: 1455240 bytes
So far Read: 1456688 bytes
So far Read: 1458136 bytes
So far Read: 1459584 bytes
So far Read: 1461032 bytes
So far Read: 1462480 bytes
So far Read: 1463928 bytes
So far Read: 1465376 bytes
So far Read: 1466824 bytes
So far Read: 1468272 bytes
So far Read: 1469720 bytes
So far Read: 1471168 bytes
So far Read: 1472616 bytes
So far Read: 1474064 bytes
So far Read: 1475512 bytes
So far Read: 1476960 bytes
So far Read: 1478408 bytes
So far Read: 1479856 bytes
So far Read: 1481304 bytes
So far Read: 1482752 bytes
So far Read: 1484200 bytes
So far Read: 1485648 bytes
So far Read: 1487096 bytes
So far Read: 1488544 bytes
So far Read: 1489992 bytes
So far Read: 1491440 bytes
So far Read: 1492888 bytes
So far Read: 1494336 bytes
So far Read: 1495784 bytes
So far Read: 1497232 bytes
So far Read: 1498680 bytes
So far Read: 1500128 bytes
So far Read: 1501576 bytes
So far Read: 1503024 bytes
So far Read: 1504472 bytes
So far Read: 1505920 bytes
So far Read: 1507368 bytes
So far Read: 1508816 bytes
So far Read: 1510264 bytes
So far Read: 1511712 bytes
So far Read: 1513160 bytes
So far Read: 1514608 bytes
So far Read: 1516056 bytes
So far Read: 1517504 bytes
So far Read: 1518952 bytes
So far Read: 1520400 bytes
So far Read: 1521848 bytes
So far Read: 1523296 bytes
So far Read: 1524744 bytes
So far Read: 1526192 bytes
So far Read: 1527640 bytes
So far Read: 1529088 bytes
So far Read: 1530536 bytes
So far Read: 1531984 bytes
So far Read: 1533432 bytes
So far Read: 1534880 bytes
So far Read: 1536328 bytes
So far Read: 1537776 bytes
So far Read: 1539224 bytes
So far Read: 1540672 bytes
So far Read: 1542120 bytes
So far Read: 1543568 bytes
So far Read: 1545016 bytes
So far Read: 1546464 bytes
So far Read: 1547912 bytes
So far Read: 1549360 bytes
So far Read: 1550808 bytes
So far Read: 1552256 bytes
So far Read: 1553704 bytes
So far Read: 1555152 bytes
So far Read: 1556600 bytes
So far Read: 1558048 bytes
So far Read: 1559496 bytes
So far Read: 1560944 bytes
So far Read: 1562392 bytes
So far Read: 1563840 bytes
So far Read: 1565288 bytes
So far Read: 1566736 bytes
So far Read: 1568184 bytes
So far Read: 1569632 bytes
So far Read: 1571080 bytes
So far Read: 1572528 bytes
So far Read: 1573976 bytes
So far Read: 1575424 bytes
So far Read: 1576872 bytes
So far Read: 1578320 bytes
So far Read: 1579768 bytes
So far Read: 1581216 bytes
So far Read: 1582664 bytes
Connection interrupted
Transmission was NOT successful!
Only 1582664 bytes read.
